<?xml version="1.0" encoding="UTF-8"?>
<!-- Generated by org.testng.reporters.JUnitReportReporter -->
<testsuite skipped="0" hostname="digya" name="com.bookmanagement.BookmanagementApplicationTests" tests="1" failures="0" timestamp="15 Nov 2016 22:03:45 GMT" time="0.004" errors="0">
  <testcase name="contextLoads" time="0.004" classname="com.bookmanagement.BookmanagementApplicationTests"/>
</testsuite> <!-- com.bookmanagement.BookmanagementApplicationTests -->
