<?xml version="1.0" encoding="UTF-8"?>
<!-- Generated by org.testng.reporters.JUnitReportReporter -->
<testsuite skipped="0" hostname="digya" name="com.urltest.FunctionalTest" tests="1" failures="0" timestamp="15 Nov 2016 04:25:32 GMT" time="0.016" errors="0">
  <testcase name="f" time="0.016" classname="com.urltest.FunctionalTest"/>
</testsuite> <!-- com.urltest.FunctionalTest -->
